merge.bat
Picked up _JAVA_OPTIONS: -Djava.net.preferIPv4Stack=true
cif3explorer.bat
Picked up _JAVA_OPTIONS: -Djava.net.preferIPv4Stack=true
cif3dfamin.bat
Picked up _JAVA_OPTIONS: -Djava.net.preferIPv4Stack=true
[s4, s7] count = 0 total = 36
cif3explorer.bat
Picked up _JAVA_OPTIONS: -Djava.net.preferIPv4Stack=true
SimRelImpl simulation relation as map: {s3=[s3], s4=[s9], s0=[s0], s8=[s25], s2=[s1], s7=[s22], s6=[s15], s1=[s2], s5=[s7]}
Merge was okay: true
[[s4, s9], [s2, s1], [s7, s22], [s1, s2], [s6, s15], [s0, s0], [s3, s3], [s8, s25], [s5, s7]]
[]
[s2, s6] count = 0 total = 28
cif3explorer.bat
Picked up _JAVA_OPTIONS: -Djava.net.preferIPv4Stack=true
SimRelImpl simulation relation as map: {s3=[s3], s4=[s9], s0=[s0], s8=[s27], s2=[s1], s7=[s24], s6=[s15], s1=[s2], s5=[s7]}
Merge was okay: true
[[s0, s0], [s3, s3], [s1, s2], [s8, s27], [s2, s1], [s4, s9], [s5, s7], [s7, s24], [s6, s15]]
[]
[s4, s5] count = 0 total = 21
cif3explorer.bat
Picked up _JAVA_OPTIONS: -Djava.net.preferIPv4Stack=true
SimRelImpl simulation relation as map: {s3=[s3], s4=[s9], s0=[s0], s8=[s26], s7=[s23], s2=[s1], s6=[s15], s5=[s7], s1=[s2]}
Merge was okay: true
[[s0, s0], [s5, s7], [s8, s26], [s4, s9], [s1, s2], [s6, s15], [s7, s23], [s3, s3], [s2, s1]]
[]
[s1, s2] count = 0 total = 15
cif3explorer.bat
Picked up _JAVA_OPTIONS: -Djava.net.preferIPv4Stack=true
SimRelImpl simulation relation as map: {s3=[s3], s4=[s9], s8=[s27], s0=[s0], s7=[s24], s2=[s1], s6=[s15], s5=[s7], s1=[s2]}
Merge was okay: true
[[s3, s3], [s4, s9], [s7, s24], [s5, s7], [s6, s15], [s8, s27], [s0, s0], [s2, s1], [s1, s2]]
[]
[s0, s4] count = 0 total = 10
cif3explorer.bat
Picked up _JAVA_OPTIONS: -Djava.net.preferIPv4Stack=true
SimRelImpl simulation relation as map: {s3=[s3], s4=[s9], s8=[s24], s0=[s0], s7=[s22], s2=[s1], s6=[s14], s1=[s2], s5=[s7]}
Merge was okay: true
[[s1, s2], [s8, s24], [s7, s22], [s4, s9], [s6, s14], [s5, s7], [s0, s0], [s3, s3], [s2, s1]]
[]
[s0, s2] count = 0 total = 6
cif3explorer.bat
Picked up _JAVA_OPTIONS: -Djava.net.preferIPv4Stack=true
SimRelImpl simulation relation as map: {s3=[s3], s4=[s9], s8=[s20], s0=[s0], s7=[s19], s2=[s1], s6=[s13], s1=[s2], s5=[s7]}
Merge was okay: true
[[s8, s20], [s7, s19], [s1, s2], [s0, s0], [s6, s13], [s3, s3], [s4, s9], [s2, s1], [s5, s7]]
[]
[s0, s2] count = 0 total = 3
cif3explorer.bat
Picked up _JAVA_OPTIONS: -Djava.net.preferIPv4Stack=true
SimRelImpl simulation relation as map: {s3=[s3], s4=[s9], s8=[s15], s0=[s0], s2=[s1], s7=[s14], s6=[s10], s5=[s7], s1=[s2]}
Merge was okay: true
[[s5, s7], [s8, s15], [s3, s3], [s6, s10], [s4, s9], [s0, s0], [s2, s1], [s1, s2], [s7, s14]]
[]
[s0, s1] count = 0 total = 1
cif3explorer.bat
WARNING: File "product_composition.cif": Semantic warning at line 55, column 2: Monitoring all events in the alphabet of automaton "mon" has no effect, as its alphabet is empty.
Picked up _JAVA_OPTIONS: -Djava.net.preferIPv4Stack=true
SimRelImpl simulation relation as map: {s3=[s3], s4=[s7], s8=[s5], s0=[s0], s7=[s4], s2=[s1], s6=[s8], s1=[s2], s5=[s6]}
Merge was okay: true
[[s4, s7], [s1, s2], [s5, s6], [s6, s8], [s8, s5], [s3, s3], [s0, s0], [s7, s4], [s2, s1]]
[]
null count = 0 total = 0
cif3explorer.bat
WARNING: File "product_composition.cif": Semantic warning at line 55, column 2: Monitoring all events in the alphabet of automaton "mon" has no effect, as its alphabet is empty.
Picked up _JAVA_OPTIONS: -Djava.net.preferIPv4Stack=true
SimRelImpl simulation relation as map: {s3=[s3], s4=[s7], s8=[s5], s0=[s0], s7=[s4], s2=[s1], s6=[s8], s1=[s2], s5=[s6]}
SimRelImpl simulation relation as map: {s8=[s8], s2=[s2], s3=[s3], s1=[s1], s4=[s5], s6=[s7], s0=[s0], s5=[s4], s7=[s6]}
{foodA=[2, 6], drinksA=[2, 3], drinksB=[1, 3], foodB=[1, 7], gotoTableA=[4], gotoTableB=[5], kitchenB=[6], kitchenA=[7]}
cif3explorer.bat
WARNING: File "waitresses/decomp/decomposed.cif": Semantic warning at line 40, column 2: Monitoring all events in the alphabet of automaton "globalMonitor" has no effect, as its alphabet is empty.
Picked up _JAVA_OPTIONS: -Djava.net.preferIPv4Stack=true
cif3dfamin.bat
Picked up _JAVA_OPTIONS: -Djava.net.preferIPv4Stack=true
[waitresses/decomp/decomposed.cif, waitresses/specification.cif]
merge.bat
Picked up _JAVA_OPTIONS: -Djava.net.preferIPv4Stack=true
Picked up _JAVA_OPTIONS: -Djava.net.preferIPv4Stack=true
Equal
Picked up _JAVA_OPTIONS: -Djava.net.preferIPv4Stack=true
